<?xml version="1.0" encoding="UTF-8"?>
<testsuite xmlns:xsi="http://www.w3.org/2001/XMLSchema-instance" xsi:noNamespaceSchemaLocation="https://maven.apache.org/surefire/maven-surefire-plugin/xsd/surefire-test-report.xsd" name="com.jwt.JwtTest" time="4.272" tests="2" errors="0" skipped="0" failures="0">
  <properties>
    <property name="sun.desktop" value="windows"/>
    <property name="awt.toolkit" value="sun.awt.windows.WToolkit"/>
    <property name="file.encoding.pkg" value="sun.io"/>
    <property name="java.specification.version" value="1.8"/>
    <property name="sun.cpu.isalist" value="amd64"/>
    <property name="sun.jnu.encoding" value="GBK"/>
    <property name="java.class.path" value="E:\ownspace\security\jwt\target\test-classes;E:\ownspace\security\jwt\target\classes;E:\tools\local_repository\org\springframework\boot\spring-boot-starter-security\2.1.6.RELEASE\spring-boot-starter-security-2.1.6.RELEASE.jar;E:\tools\local_repository\org\springframework\boot\spring-boot-starter\2.1.6.RELEASE\spring-boot-starter-2.1.6.RELEASE.jar;E:\tools\local_repository\org\springframework\boot\spring-boot\2.1.6.RELEASE\spring-boot-2.1.6.RELEASE.jar;E:\tools\local_repository\org\springframework\boot\spring-boot-starter-logging\2.1.6.RELEASE\spring-boot-starter-logging-2.1.6.RELEASE.jar;E:\tools\local_repository\ch\qos\logback\logback-classic\1.2.3\logback-classic-1.2.3.jar;E:\tools\local_repository\ch\qos\logback\logback-core\1.2.3\logback-core-1.2.3.jar;E:\tools\local_repository\org\apache\logging\log4j\log4j-to-slf4j\2.11.2\log4j-to-slf4j-2.11.2.jar;E:\tools\local_repository\org\apache\logging\log4j\log4j-api\2.11.2\log4j-api-2.11.2.jar;E:\tools\local_repository\org\slf4j\jul-to-slf4j\1.7.26\jul-to-slf4j-1.7.26.jar;E:\tools\local_repository\javax\annotation\javax.annotation-api\1.3.2\javax.annotation-api-1.3.2.jar;E:\tools\local_repository\org\yaml\snakeyaml\1.23\snakeyaml-1.23.jar;E:\tools\local_repository\org\springframework\spring-aop\5.1.8.RELEASE\spring-aop-5.1.8.RELEASE.jar;E:\tools\local_repository\org\springframework\spring-beans\5.1.8.RELEASE\spring-beans-5.1.8.RELEASE.jar;E:\tools\local_repository\org\springframework\security\spring-security-config\5.1.5.RELEASE\spring-security-config-5.1.5.RELEASE.jar;E:\tools\local_repository\org\springframework\security\spring-security-core\5.1.5.RELEASE\spring-security-core-5.1.5.RELEASE.jar;E:\tools\local_repository\org\springframework\spring-context\5.1.8.RELEASE\spring-context-5.1.8.RELEASE.jar;E:\tools\local_repository\org\springframework\security\spring-security-web\5.1.5.RELEASE\spring-security-web-5.1.5.RELEASE.jar;E:\tools\local_repository\org\springframework\spring-expression\5.1.8.RELEASE\spring-expression-5.1.8.RELEASE.jar;E:\tools\local_repository\org\springframework\boot\spring-boot-starter-web\2.1.6.RELEASE\spring-boot-starter-web-2.1.6.RELEASE.jar;E:\tools\local_repository\org\springframework\boot\spring-boot-starter-json\2.1.6.RELEASE\spring-boot-starter-json-2.1.6.RELEASE.jar;E:\tools\local_repository\com\fasterxml\jackson\datatype\jackson-datatype-jdk8\2.9.9\jackson-datatype-jdk8-2.9.9.jar;E:\tools\local_repository\com\fasterxml\jackson\datatype\jackson-datatype-jsr310\2.9.9\jackson-datatype-jsr310-2.9.9.jar;E:\tools\local_repository\com\fasterxml\jackson\module\jackson-module-parameter-names\2.9.9\jackson-module-parameter-names-2.9.9.jar;E:\tools\local_repository\org\springframework\boot\spring-boot-starter-tomcat\2.1.6.RELEASE\spring-boot-starter-tomcat-2.1.6.RELEASE.jar;E:\tools\local_repository\org\apache\tomcat\embed\tomcat-embed-core\9.0.21\tomcat-embed-core-9.0.21.jar;E:\tools\local_repository\org\apache\tomcat\embed\tomcat-embed-el\9.0.21\tomcat-embed-el-9.0.21.jar;E:\tools\local_repository\org\apache\tomcat\embed\tomcat-embed-websocket\9.0.21\tomcat-embed-websocket-9.0.21.jar;E:\tools\local_repository\org\hibernate\validator\hibernate-validator\6.0.17.Final\hibernate-validator-6.0.17.Final.jar;E:\tools\local_repository\javax\validation\validation-api\2.0.1.Final\validation-api-2.0.1.Final.jar;E:\tools\local_repository\org\jboss\logging\jboss-logging\3.3.2.Final\jboss-logging-3.3.2.Final.jar;E:\tools\local_repository\com\fasterxml\classmate\1.4.0\classmate-1.4.0.jar;E:\tools\local_repository\org\springframework\spring-web\5.1.8.RELEASE\spring-web-5.1.8.RELEASE.jar;E:\tools\local_repository\org\springframework\spring-webmvc\5.1.8.RELEASE\spring-webmvc-5.1.8.RELEASE.jar;E:\tools\local_repository\org\springframework\boot\spring-boot-starter-test\2.1.6.RELEASE\spring-boot-starter-test-2.1.6.RELEASE.jar;E:\tools\local_repository\org\springframework\boot\spring-boot-test\2.1.6.RELEASE\spring-boot-test-2.1.6.RELEASE.jar;E:\tools\local_repository\org\springframework\boot\spring-boot-test-autoconfigure\2.1.6.RELEASE\spring-boot-test-autoconfigure-2.1.6.RELEASE.jar;E:\tools\local_repository\com\jayway\jsonpath\json-path\2.4.0\json-path-2.4.0.jar;E:\tools\local_repository\net\minidev\json-smart\2.3\json-smart-2.3.jar;E:\tools\local_repository\net\minidev\accessors-smart\1.2\accessors-smart-1.2.jar;E:\tools\local_repository\org\ow2\asm\asm\5.0.4\asm-5.0.4.jar;E:\tools\local_repository\org\slf4j\slf4j-api\1.7.26\slf4j-api-1.7.26.jar;E:\tools\local_repository\junit\junit\4.12\junit-4.12.jar;E:\tools\local_repository\org\assertj\assertj-core\3.11.1\assertj-core-3.11.1.jar;E:\tools\local_repository\org\mockito\mockito-core\2.23.4\mockito-core-2.23.4.jar;E:\tools\local_repository\net\bytebuddy\byte-buddy\1.9.13\byte-buddy-1.9.13.jar;E:\tools\local_repository\net\bytebuddy\byte-buddy-agent\1.9.13\byte-buddy-agent-1.9.13.jar;E:\tools\local_repository\org\objenesis\objenesis\2.6\objenesis-2.6.jar;E:\tools\local_repository\org\hamcrest\hamcrest-core\1.3\hamcrest-core-1.3.jar;E:\tools\local_repository\org\hamcrest\hamcrest-library\1.3\hamcrest-library-1.3.jar;E:\tools\local_repository\org\skyscreamer\jsonassert\1.5.0\jsonassert-1.5.0.jar;E:\tools\local_repository\com\vaadin\external\google\android-json\0.0.20131108.vaadin1\android-json-0.0.20131108.vaadin1.jar;E:\tools\local_repository\org\springframework\spring-core\5.1.8.RELEASE\spring-core-5.1.8.RELEASE.jar;E:\tools\local_repository\org\springframework\spring-jcl\5.1.8.RELEASE\spring-jcl-5.1.8.RELEASE.jar;E:\tools\local_repository\org\springframework\spring-test\5.1.8.RELEASE\spring-test-5.1.8.RELEASE.jar;E:\tools\local_repository\org\xmlunit\xmlunit-core\2.6.2\xmlunit-core-2.6.2.jar;E:\tools\local_repository\io\jsonwebtoken\jjwt\0.9.0\jjwt-0.9.0.jar;E:\tools\local_repository\com\fasterxml\jackson\core\jackson-databind\2.9.9\jackson-databind-2.9.9.jar;E:\tools\local_repository\com\fasterxml\jackson\core\jackson-annotations\2.9.0\jackson-annotations-2.9.0.jar;E:\tools\local_repository\com\fasterxml\jackson\core\jackson-core\2.9.9\jackson-core-2.9.9.jar;E:\tools\local_repository\com\baomidou\mybatis-plus-boot-starter\3.3.0\mybatis-plus-boot-starter-3.3.0.jar;E:\tools\local_repository\com\baomidou\mybatis-plus\3.3.0\mybatis-plus-3.3.0.jar;E:\tools\local_repository\com\baomidou\mybatis-plus-extension\3.3.0\mybatis-plus-extension-3.3.0.jar;E:\tools\local_repository\com\baomidou\mybatis-plus-core\3.3.0\mybatis-plus-core-3.3.0.jar;E:\tools\local_repository\com\baomidou\mybatis-plus-annotation\3.3.0\mybatis-plus-annotation-3.3.0.jar;E:\tools\local_repository\com\github\jsqlparser\jsqlparser\3.1\jsqlparser-3.1.jar;E:\tools\local_repository\org\mybatis\mybatis\3.5.3\mybatis-3.5.3.jar;E:\tools\local_repository\org\mybatis\mybatis-spring\2.0.3\mybatis-spring-2.0.3.jar;E:\tools\local_repository\org\springframework\boot\spring-boot-autoconfigure\2.1.6.RELEASE\spring-boot-autoconfigure-2.1.6.RELEASE.jar;E:\tools\local_repository\org\springframework\boot\spring-boot-starter-jdbc\2.1.6.RELEASE\spring-boot-starter-jdbc-2.1.6.RELEASE.jar;E:\tools\local_repository\com\zaxxer\HikariCP\3.2.0\HikariCP-3.2.0.jar;E:\tools\local_repository\org\springframework\spring-jdbc\5.1.8.RELEASE\spring-jdbc-5.1.8.RELEASE.jar;E:\tools\local_repository\org\springframework\spring-tx\5.1.8.RELEASE\spring-tx-5.1.8.RELEASE.jar;E:\tools\local_repository\org\projectlombok\lombok\1.18.10\lombok-1.18.10.jar;E:\tools\local_repository\mysql\mysql-connector-java\8.0.18\mysql-connector-java-8.0.18.jar;E:\tools\local_repository\com\google\protobuf\protobuf-java\3.6.1\protobuf-java-3.6.1.jar;"/>
    <property name="java.vm.vendor" value="Oracle Corporation"/>
    <property name="sun.arch.data.model" value="64"/>
    <property name="user.variant" value=""/>
    <property name="java.vendor.url" value="http://java.oracle.com/"/>
    <property name="user.timezone" value="Asia/Shanghai"/>
    <property name="java.vm.specification.version" value="1.8"/>
    <property name="os.name" value="Windows 10"/>
    <property name="user.country" value="CN"/>
    <property name="sun.java.launcher" value="SUN_STANDARD"/>
    <property name="sun.boot.library.path" value="E:\Java\jre\bin"/>
    <property name="sun.java.command" value="C:\Users\wen\AppData\Local\Temp\surefire5738647026204344500\surefirebooter2134453167175071194.jar C:\Users\wen\AppData\Local\Temp\surefire5738647026204344500 2020-08-06T12-14-39_532-jvmRun1 surefire7527751996211579727tmp surefire_07730577314690152500tmp"/>
    <property name="surefire.test.class.path" value="E:\ownspace\security\jwt\target\test-classes;E:\ownspace\security\jwt\target\classes;E:\tools\local_repository\org\springframework\boot\spring-boot-starter-security\2.1.6.RELEASE\spring-boot-starter-security-2.1.6.RELEASE.jar;E:\tools\local_repository\org\springframework\boot\spring-boot-starter\2.1.6.RELEASE\spring-boot-starter-2.1.6.RELEASE.jar;E:\tools\local_repository\org\springframework\boot\spring-boot\2.1.6.RELEASE\spring-boot-2.1.6.RELEASE.jar;E:\tools\local_repository\org\springframework\boot\spring-boot-starter-logging\2.1.6.RELEASE\spring-boot-starter-logging-2.1.6.RELEASE.jar;E:\tools\local_repository\ch\qos\logback\logback-classic\1.2.3\logback-classic-1.2.3.jar;E:\tools\local_repository\ch\qos\logback\logback-core\1.2.3\logback-core-1.2.3.jar;E:\tools\local_repository\org\apache\logging\log4j\log4j-to-slf4j\2.11.2\log4j-to-slf4j-2.11.2.jar;E:\tools\local_repository\org\apache\logging\log4j\log4j-api\2.11.2\log4j-api-2.11.2.jar;E:\tools\local_repository\org\slf4j\jul-to-slf4j\1.7.26\jul-to-slf4j-1.7.26.jar;E:\tools\local_repository\javax\annotation\javax.annotation-api\1.3.2\javax.annotation-api-1.3.2.jar;E:\tools\local_repository\org\yaml\snakeyaml\1.23\snakeyaml-1.23.jar;E:\tools\local_repository\org\springframework\spring-aop\5.1.8.RELEASE\spring-aop-5.1.8.RELEASE.jar;E:\tools\local_repository\org\springframework\spring-beans\5.1.8.RELEASE\spring-beans-5.1.8.RELEASE.jar;E:\tools\local_repository\org\springframework\security\spring-security-config\5.1.5.RELEASE\spring-security-config-5.1.5.RELEASE.jar;E:\tools\local_repository\org\springframework\security\spring-security-core\5.1.5.RELEASE\spring-security-core-5.1.5.RELEASE.jar;E:\tools\local_repository\org\springframework\spring-context\5.1.8.RELEASE\spring-context-5.1.8.RELEASE.jar;E:\tools\local_repository\org\springframework\security\spring-security-web\5.1.5.RELEASE\spring-security-web-5.1.5.RELEASE.jar;E:\tools\local_repository\org\springframework\spring-expression\5.1.8.RELEASE\spring-expression-5.1.8.RELEASE.jar;E:\tools\local_repository\org\springframework\boot\spring-boot-starter-web\2.1.6.RELEASE\spring-boot-starter-web-2.1.6.RELEASE.jar;E:\tools\local_repository\org\springframework\boot\spring-boot-starter-json\2.1.6.RELEASE\spring-boot-starter-json-2.1.6.RELEASE.jar;E:\tools\local_repository\com\fasterxml\jackson\datatype\jackson-datatype-jdk8\2.9.9\jackson-datatype-jdk8-2.9.9.jar;E:\tools\local_repository\com\fasterxml\jackson\datatype\jackson-datatype-jsr310\2.9.9\jackson-datatype-jsr310-2.9.9.jar;E:\tools\local_repository\com\fasterxml\jackson\module\jackson-module-parameter-names\2.9.9\jackson-module-parameter-names-2.9.9.jar;E:\tools\local_repository\org\springframework\boot\spring-boot-starter-tomcat\2.1.6.RELEASE\spring-boot-starter-tomcat-2.1.6.RELEASE.jar;E:\tools\local_repository\org\apache\tomcat\embed\tomcat-embed-core\9.0.21\tomcat-embed-core-9.0.21.jar;E:\tools\local_repository\org\apache\tomcat\embed\tomcat-embed-el\9.0.21\tomcat-embed-el-9.0.21.jar;E:\tools\local_repository\org\apache\tomcat\embed\tomcat-embed-websocket\9.0.21\tomcat-embed-websocket-9.0.21.jar;E:\tools\local_repository\org\hibernate\validator\hibernate-validator\6.0.17.Final\hibernate-validator-6.0.17.Final.jar;E:\tools\local_repository\javax\validation\validation-api\2.0.1.Final\validation-api-2.0.1.Final.jar;E:\tools\local_repository\org\jboss\logging\jboss-logging\3.3.2.Final\jboss-logging-3.3.2.Final.jar;E:\tools\local_repository\com\fasterxml\classmate\1.4.0\classmate-1.4.0.jar;E:\tools\local_repository\org\springframework\spring-web\5.1.8.RELEASE\spring-web-5.1.8.RELEASE.jar;E:\tools\local_repository\org\springframework\spring-webmvc\5.1.8.RELEASE\spring-webmvc-5.1.8.RELEASE.jar;E:\tools\local_repository\org\springframework\boot\spring-boot-starter-test\2.1.6.RELEASE\spring-boot-starter-test-2.1.6.RELEASE.jar;E:\tools\local_repository\org\springframework\boot\spring-boot-test\2.1.6.RELEASE\spring-boot-test-2.1.6.RELEASE.jar;E:\tools\local_repository\org\springframework\boot\spring-boot-test-autoconfigure\2.1.6.RELEASE\spring-boot-test-autoconfigure-2.1.6.RELEASE.jar;E:\tools\local_repository\com\jayway\jsonpath\json-path\2.4.0\json-path-2.4.0.jar;E:\tools\local_repository\net\minidev\json-smart\2.3\json-smart-2.3.jar;E:\tools\local_repository\net\minidev\accessors-smart\1.2\accessors-smart-1.2.jar;E:\tools\local_repository\org\ow2\asm\asm\5.0.4\asm-5.0.4.jar;E:\tools\local_repository\org\slf4j\slf4j-api\1.7.26\slf4j-api-1.7.26.jar;E:\tools\local_repository\junit\junit\4.12\junit-4.12.jar;E:\tools\local_repository\org\assertj\assertj-core\3.11.1\assertj-core-3.11.1.jar;E:\tools\local_repository\org\mockito\mockito-core\2.23.4\mockito-core-2.23.4.jar;E:\tools\local_repository\net\bytebuddy\byte-buddy\1.9.13\byte-buddy-1.9.13.jar;E:\tools\local_repository\net\bytebuddy\byte-buddy-agent\1.9.13\byte-buddy-agent-1.9.13.jar;E:\tools\local_repository\org\objenesis\objenesis\2.6\objenesis-2.6.jar;E:\tools\local_repository\org\hamcrest\hamcrest-core\1.3\hamcrest-core-1.3.jar;E:\tools\local_repository\org\hamcrest\hamcrest-library\1.3\hamcrest-library-1.3.jar;E:\tools\local_repository\org\skyscreamer\jsonassert\1.5.0\jsonassert-1.5.0.jar;E:\tools\local_repository\com\vaadin\external\google\android-json\0.0.20131108.vaadin1\android-json-0.0.20131108.vaadin1.jar;E:\tools\local_repository\org\springframework\spring-core\5.1.8.RELEASE\spring-core-5.1.8.RELEASE.jar;E:\tools\local_repository\org\springframework\spring-jcl\5.1.8.RELEASE\spring-jcl-5.1.8.RELEASE.jar;E:\tools\local_repository\org\springframework\spring-test\5.1.8.RELEASE\spring-test-5.1.8.RELEASE.jar;E:\tools\local_repository\org\xmlunit\xmlunit-core\2.6.2\xmlunit-core-2.6.2.jar;E:\tools\local_repository\io\jsonwebtoken\jjwt\0.9.0\jjwt-0.9.0.jar;E:\tools\local_repository\com\fasterxml\jackson\core\jackson-databind\2.9.9\jackson-databind-2.9.9.jar;E:\tools\local_repository\com\fasterxml\jackson\core\jackson-annotations\2.9.0\jackson-annotations-2.9.0.jar;E:\tools\local_repository\com\fasterxml\jackson\core\jackson-core\2.9.9\jackson-core-2.9.9.jar;E:\tools\local_repository\com\baomidou\mybatis-plus-boot-starter\3.3.0\mybatis-plus-boot-starter-3.3.0.jar;E:\tools\local_repository\com\baomidou\mybatis-plus\3.3.0\mybatis-plus-3.3.0.jar;E:\tools\local_repository\com\baomidou\mybatis-plus-extension\3.3.0\mybatis-plus-extension-3.3.0.jar;E:\tools\local_repository\com\baomidou\mybatis-plus-core\3.3.0\mybatis-plus-core-3.3.0.jar;E:\tools\local_repository\com\baomidou\mybatis-plus-annotation\3.3.0\mybatis-plus-annotation-3.3.0.jar;E:\tools\local_repository\com\github\jsqlparser\jsqlparser\3.1\jsqlparser-3.1.jar;E:\tools\local_repository\org\mybatis\mybatis\3.5.3\mybatis-3.5.3.jar;E:\tools\local_repository\org\mybatis\mybatis-spring\2.0.3\mybatis-spring-2.0.3.jar;E:\tools\local_repository\org\springframework\boot\spring-boot-autoconfigure\2.1.6.RELEASE\spring-boot-autoconfigure-2.1.6.RELEASE.jar;E:\tools\local_repository\org\springframework\boot\spring-boot-starter-jdbc\2.1.6.RELEASE\spring-boot-starter-jdbc-2.1.6.RELEASE.jar;E:\tools\local_repository\com\zaxxer\HikariCP\3.2.0\HikariCP-3.2.0.jar;E:\tools\local_repository\org\springframework\spring-jdbc\5.1.8.RELEASE\spring-jdbc-5.1.8.RELEASE.jar;E:\tools\local_repository\org\springframework\spring-tx\5.1.8.RELEASE\spring-tx-5.1.8.RELEASE.jar;E:\tools\local_repository\org\projectlombok\lombok\1.18.10\lombok-1.18.10.jar;E:\tools\local_repository\mysql\mysql-connector-java\8.0.18\mysql-connector-java-8.0.18.jar;E:\tools\local_repository\com\google\protobuf\protobuf-java\3.6.1\protobuf-java-3.6.1.jar;"/>
    <property name="sun.cpu.endian" value="little"/>
    <property name="user.home" value="C:\Users\wen"/>
    <property name="user.language" value="zh"/>
    <property name="java.specification.vendor" value="Oracle Corporation"/>
    <property name="java.home" value="E:\Java\jre"/>
    <property name="basedir" value="E:\ownspace\security\jwt"/>
    <property name="file.separator" value="\"/>
    <property name="line.separator" value="&#10;"/>
    <property name="java.vm.specification.vendor" value="Oracle Corporation"/>
    <property name="java.specification.name" value="Java Platform API Specification"/>
    <property name="java.awt.graphicsenv" value="sun.awt.Win32GraphicsEnvironment"/>
    <property name="idea.version2020.1.1" value="true"/>
    <property name="surefire.real.class.path" value="C:\Users\wen\AppData\Local\Temp\surefire5738647026204344500\surefirebooter2134453167175071194.jar"/>
    <property name="sun.boot.class.path" value="E:\Java\jre\lib\resources.jar;E:\Java\jre\lib\rt.jar;E:\Java\jre\lib\sunrsasign.jar;E:\Java\jre\lib\jsse.jar;E:\Java\jre\lib\jce.jar;E:\Java\jre\lib\charsets.jar;E:\Java\jre\lib\jfr.jar;E:\Java\jre\classes"/>
    <property name="user.script" value=""/>
    <property name="sun.management.compiler" value="HotSpot 64-Bit Tiered Compilers"/>
    <property name="java.runtime.version" value="1.8.0_152-b16"/>
    <property name="user.name" value="wen"/>
    <property name="path.separator" value=";"/>
    <property name="os.version" value="10.0"/>
    <property name="java.endorsed.dirs" value="E:\Java\jre\lib\endorsed"/>
    <property name="java.runtime.name" value="Java(TM) SE Runtime Environment"/>
    <property name="file.encoding" value="GBK"/>
    <property name="java.vm.name" value="Java HotSpot(TM) 64-Bit Server VM"/>
    <property name="localRepository" value="E:\tools\local_repository"/>
    <property name="java.vendor.url.bug" value="http://bugreport.sun.com/bugreport/"/>
    <property name="java.io.tmpdir" value="C:\Users\wen\AppData\Local\Temp\"/>
    <property name="java.version" value="1.8.0_152"/>
    <property name="user.dir" value="E:\ownspace\security\jwt"/>
    <property name="os.arch" value="amd64"/>
    <property name="java.vm.specification.name" value="Java Virtual Machine Specification"/>
    <property name="java.awt.printerjob" value="sun.awt.windows.WPrinterJob"/>
    <property name="sun.os.patch.level" value=""/>
    <property name="java.library.path" value="E:\Java\jre\bin;C:\Windows\Sun\Java\bin;C:\Windows\system32;C:\Windows;C:\Program Files\Microsoft MPI\Bin\;C:\ProgramData\Oracle\Java\javapath;C:\Windows\system32;C:\Windows;C:\Windows\System32\Wbem;C:\Windows\System32\WindowsPowerShell\v1.0\;C:\Windows\System32\OpenSSH\;C:\Program Files (x86)\NVIDIA Corporation\PhysX\Common;C:\Program Files\NVIDIA Corporation\NVIDIA NvDLISR;&quot;E:\java\jdk\bin;E:\java\jdk\jre\bin;&quot;;E:\tools\Git\cmd;E:\tools\apache-maven-3.6.3\bin;E:\tools\node\;C:\Program Files\MySQL\MySQL Server 8.0\bin;C:\Program Files (x86)\Microsoft SQL Server\150\Tools\Binn\;C:\Program Files\Microsoft SQL Server\150\Tools\Binn\;C:\Program Files (x86)\Microsoft SQL Server\150\DTS\Binn\;C:\Program Files\Microsoft SQL Server\150\DTS\Binn\;C:\Program Files\Microsoft SQL Server\Client SDK\ODBC\170\Tools\Binn\;C:\Program Files\MySQL\MySQL Shell 8.0\bin\;C:\Users\wen\AppData\Local\Microsoft\WindowsApps;C:\Users\wen\AppData\Roaming\npm;E:\tools\node;C:\Program Files\Bandizip\;."/>
    <property name="java.vm.info" value="mixed mode"/>
    <property name="java.vendor" value="Oracle Corporation"/>
    <property name="java.vm.version" value="25.152-b16"/>
    <property name="java.ext.dirs" value="E:\Java\jre\lib\ext;C:\Windows\Sun\Java\lib\ext"/>
    <property name="sun.io.unicode.encoding" value="UnicodeLittle"/>
    <property name="maven.repo.local" value="E:\tools\local_repository"/>
    <property name="java.class.version" value="52.0"/>
  </properties>
  <testcase name="test1" classname="com.jwt.JwtTest" time="0.188"/>
  <testcase name="test2" classname="com.jwt.JwtTest" time="0.295"/>
</testsuite>